-----------------------------------------------------------------------------------------------------------------
      name:  <unnamed>
       log:  C:\Users\Usuario\Documents\GitHub\py_did_multiplegt_stat\stat_python\applied_examples_stata.log
  log type:  text
 opened on:  14 Apr 2026, 01:52:20

. 
. cap prog drop did_multiplegt_stat

. qui do "C:\Users\Usuario\Documents\GitHub\py_did_multiplegt_stat\stataADO\did_multiplegt_stat.ado"

. 
. di ""


. di "================================================================"
================================================================

. di "  APPLIED PAPER EXAMPLES — did_multiplegt_stat"
  APPLIED PAPER EXAMPLES — did_multiplegt_stat

. di "  Log generated for Python comparison"
  Log generated for Python comparison

. di "================================================================"
================================================================

. 
. /***********************************************************************
>   Applied Paper 1 — Li et al. (2014): Gasoline Taxes
> ***********************************************************************/
. use "gazoline_did_multiplegt_stat.dta", clear

. set seed 1234

. 
. // V.01 — Reduced Form
. di ""


. di "--- V.01: Reduced Form ---"
--- V.01: Reduced Form ---

. did_multiplegt_stat lngca id year tau, or(1) as_vs_was controls(lngpinc) cross_fitting(10)
                                  ----------------------------------------------
                                   Number of observations     =             1632
                                   Estimation method          =    doubly-robust
                                   Polynomial order           =              (1)
                                  ----------------------------------------------
--------------------------------------------------------------------------------
                               Average Slope (AS)
--------------------------------------------------------------------------------

             |  Estimate         SE      LB CI      UB CI  Switchers    Stayers 
-------------+------------------------------------------------------------------
          AS | -.0043121   .0027406  -.0096836   .0010594        384       1248 
--------------------------------------------------------------------------------
                           Weighted Average Slope (WAS)
--------------------------------------------------------------------------------

             |  Estimate         SE      LB CI      UB CI  Switchers    Stayers 
-------------+------------------------------------------------------------------
         WAS | -.0035981    .001019  -.0055954  -.0016008        384       1248 
 
--------------------------------------------------------------------------------
 
                          Test of difference between AS and WAS
H0: AS = WAS
--------------------------------------------------------------------------------

             |     Diff.         SE      LB CI      UB CI      pval.          t 
-------------+------------------------------------------------------------------
      AS-WAS | -.0007141   .0156983  -.0051552    .003727   .7526526  -.3151437 
--------------------------------------------------------------------------------

. 
. // V.02 — First Stage
. di ""


. di "--- V.02: First Stage ---"
--- V.02: First Stage ---

. did_multiplegt_stat lngpinc id year tau, or(1) as_vs_was controls(lngpinc) cross_fitting(10)
                                  ----------------------------------------------
                                   Number of observations     =             1632
                                   Estimation method          =    doubly-robust
                                   Polynomial order           =              (1)
                                  ----------------------------------------------
--------------------------------------------------------------------------------
                               Average Slope (AS)
--------------------------------------------------------------------------------

             |  Estimate         SE      LB CI      UB CI  Switchers    Stayers 
-------------+------------------------------------------------------------------
          AS |   .003811   .0024335  -.0009586   .0085807        384       1248 
--------------------------------------------------------------------------------
                           Weighted Average Slope (WAS)
--------------------------------------------------------------------------------

             |  Estimate         SE      LB CI      UB CI  Switchers    Stayers 
-------------+------------------------------------------------------------------
         WAS |  .0058237   .0009065    .004047   .0076005        384       1248 
 
--------------------------------------------------------------------------------
 
                          Test of difference between AS and WAS
H0: AS = WAS
--------------------------------------------------------------------------------

             |     Diff.         SE      LB CI      UB CI      pval.          t 
-------------+------------------------------------------------------------------
      AS-WAS | -.0020127   .0132356  -.0057571   .0017317   .2920842   -1.05356 
--------------------------------------------------------------------------------

. 
. // V.03 — IV-WAS
. di ""


. di "--- V.03: IV-WAS ---"
--- V.03: IV-WAS ---

. did_multiplegt_stat lngca id year lngpinc tau, or(1) controls(lngpinc) cross_fitting(10) bootstrap(5) seed(1)

You specified the 5th input variable (Instrumental variable) which is only compatible with the iv-was estimator.
Therefore your estimator will be replaced by iv-was.
--------------------------------------------------------------------------------
                              First stage estimation
--------------------------------------------------------------------------------
                                  ----------------------------------------------
                                   Number of observations     =             1632
                                   Estimation method          =    doubly-robust
                                   Polynomial order           =              (1)
                                  ----------------------------------------------
--------------------------------------------------------------------------------
                           Weighted Average Slope (WAS)
--------------------------------------------------------------------------------

             |  Estimate         SE      LB CI      UB CI  Switchers    Stayers 
-------------+------------------------------------------------------------------
         WAS |  .0058237   .0009065    .004047   .0076005        384       1248 
 
--------------------------------------------------------------------------------
--------------------------------------------------------------------------------


Bootstrap running (5)
----+--- 1 ---+--- 2 ---+--- 3 ---+--- 4 ---+--- 5 
.....Completed!
                                  ----------------------------------------------
                                   Number of observations     =             1632
                                   IV-WAS Estimation method   =    doubly-robust
                                   Polynomial order           =              (1)
                                  ----------------------------------------------
                                      (Bootstrap Std. err. from 5 replications.)
--------------------------------------------------------------------------------
                         IV-Weighted Average Slope (IV-WAS)
--------------------------------------------------------------------------------

             |  Estimate         SE      LB CI      UB CI  Switchers    Stayers 
-------------+------------------------------------------------------------------
      IV-WAS | -.6178301   1.771768  -.7656105    3.51248        384       1248 
 
--------------------------------------------------------------------------------
--------------------------------------------------------------------------------

. 
. // V.04 — On placebo sample (reduced form)
. di ""


. di "--- V.04: On placebo sample, reduced form ---"
--- V.04: On placebo sample, reduced form ---

. did_multiplegt_stat lngca id year tau, or(1) controls(lngpinc) estimator(was) cross_fitting(10) on_placebo_samp
> le
                                  ----------------------------------------------
                                   Number of observations     =             1059
                                   Estimation method          =    doubly-robust
                                   Polynomial order           =              (1)
                                  ----------------------------------------------
--------------------------------------------------------------------------------
                           Weighted Average Slope (WAS)
--------------------------------------------------------------------------------

             |  Estimate         SE      LB CI      UB CI  Switchers    Stayers 
-------------+------------------------------------------------------------------
         WAS |  -.002679   .0011677  -.0049677  -.0003903        178        881 
 
--------------------------------------------------------------------------------
--------------------------------------------------------------------------------

. 
. // V.05 — On placebo sample (first stage)
. di ""


. di "--- V.05: On placebo sample, first stage ---"
--- V.05: On placebo sample, first stage ---

. did_multiplegt_stat lngpinc id year tau, or(1) controls(lngpinc) estimator(was) cross_fitting(10) on_placebo_sa
> mple
                                  ----------------------------------------------
                                   Number of observations     =             1059
                                   Estimation method          =    doubly-robust
                                   Polynomial order           =              (1)
                                  ----------------------------------------------
--------------------------------------------------------------------------------
                           Weighted Average Slope (WAS)
--------------------------------------------------------------------------------

             |  Estimate         SE      LB CI      UB CI  Switchers    Stayers 
-------------+------------------------------------------------------------------
         WAS |  .0050699   .0011968   .0027241   .0074156        178        881 
 
--------------------------------------------------------------------------------
--------------------------------------------------------------------------------

. 
. 
. /***********************************************************************
>   Applied Paper 2 — Gentzkow et al. (2011): Newspapers
> ***********************************************************************/
. use "gentzkowetal_didtextbook.dta", clear

. 
. // VI.01 — exact_match + placebo(1)
. di ""


. di "--- VI.01: Gentzkow exact_match + placebo(1) ---"
--- VI.01: Gentzkow exact_match + placebo(1) ---

. did_multiplegt_stat prestout cnty90 year numdailies, placebo(1) exact_match
                                  ----------------------------------------------
                                   Number of observations     =            15466
                                   Estimation method          =  reg. adjustment
                                   Common support*            =   exact matching
                                  ----------------------------------------------
--------------------------------------------------------------------------------
                               Average Slope (AS)
--------------------------------------------------------------------------------

             |  Estimate         SE      LB CI      UB CI  Switchers    Stayers 
-------------+------------------------------------------------------------------
          AS |  .0060678   .0016463    .002841   .0092947       4423      11043 
--------------------------------------------------------------------------------
                                 Placebo(s) AS
--------------------------------------------------------------------------------

             |  Estimate         SE      LB CI      UB CI  Switchers    Stayers 
-------------+------------------------------------------------------------------
   Placebo_1 | -.0011278   .0025056  -.0060387   .0037832       2287       7743 
--------------------------------------------------------------------------------
                           Weighted Average Slope (WAS)
--------------------------------------------------------------------------------

             |  Estimate         SE      LB CI      UB CI  Switchers    Stayers 
-------------+------------------------------------------------------------------
         WAS |  .0057351   .0015079   .0027796   .0086905       4423      11043 
--------------------------------------------------------------------------------
                                 Placebo(s) WAS
--------------------------------------------------------------------------------

             |  Estimate         SE      LB CI      UB CI  Switchers    Stayers 
-------------+------------------------------------------------------------------
   Placebo_1 | -.0000123   .0022931  -.0045069   .0044822       2287       7743 
 
--------------------------------------------------------------------------------
* : 141 switchers are dropped out of the estimation because their baseline 
 treatments do not belong to the support of stayers' baseline treatments.
* : 22 stayers are dropped out of the estimation because their baseline 
 treatments do not belong to the support of switchers' baseline treatments.
--------------------------------------------------------------------------------

. 
. log close
      name:  <unnamed>
       log:  C:\Users\Usuario\Documents\GitHub\py_did_multiplegt_stat\stat_python\applied_examples_stata.log
  log type:  text
 closed on:  14 Apr 2026, 01:56:58
-----------------------------------------------------------------------------------------------------------------
