-----------------------------------------------------------------------------------------------------------------
      name:  <unnamed>
       log:  C:\Users\Usuario\Documents\GitHub\py_did_multiplegt_stat\stat_python\verify_no_cf.log
  log type:  text
 opened on:  16 Apr 2026, 09:14:51

. 
. cap prog drop did_multiplegt_stat

. cap prog drop did_multiplegt_stat2

. cap prog drop did_multiplegt_stat_pairwise

. qui do "..\stataADO\did_multiplegt_stat.ado"

. 
. use "gazoline_did_multiplegt_stat.dta", clear

. 
. // V.01 — Reduced form: as_vs_was, no placebo, no cross_fitting
. di "================================================================"
================================================================

. di "--- V.01: Reduced-form (no cross_fitting) ---"
--- V.01: Reduced-form (no cross_fitting) ---

. di "================================================================"
================================================================

. did_multiplegt_stat lngca id year tau, or(1) as_vs_was controls(lngpinc)
                                  ----------------------------------------------
                                   Number of observations     =             1632
                                   Estimation method          =    doubly-robust
                                   Polynomial order           =              (1)
                                  ----------------------------------------------
--------------------------------------------------------------------------------
                               Average Slope (AS)
--------------------------------------------------------------------------------

             |  Estimate         SE      LB CI      UB CI  Switchers    Stayers 
-------------+------------------------------------------------------------------
          AS | -.0013838   .0028082  -.0068879   .0041203        384       1248 
--------------------------------------------------------------------------------
                           Weighted Average Slope (WAS)
--------------------------------------------------------------------------------

             |  Estimate         SE      LB CI      UB CI  Switchers    Stayers 
-------------+------------------------------------------------------------------
         WAS | -.0037563   .0010187  -.0057529  -.0017596        384       1248 
 
--------------------------------------------------------------------------------
 
                          Test of difference between AS and WAS
H0: AS = WAS
--------------------------------------------------------------------------------

             |     Diff.         SE      LB CI      UB CI      pval.          t 
-------------+------------------------------------------------------------------
      AS-WAS |  .0023725   .0161998  -.0022105   .0069554   .3102755   1.014644 
--------------------------------------------------------------------------------

. 
. // V.02 — First stage: as_vs_was, no cross_fitting
. di "================================================================"
================================================================

. di "--- V.02: First-stage (no cross_fitting) ---"
--- V.02: First-stage (no cross_fitting) ---

. di "================================================================"
================================================================

. did_multiplegt_stat lngpinc id year tau, or(1) as_vs_was controls(lngpinc)
                                  ----------------------------------------------
                                   Number of observations     =             1632
                                   Estimation method          =    doubly-robust
                                   Polynomial order           =              (1)
                                  ----------------------------------------------
--------------------------------------------------------------------------------
                               Average Slope (AS)
--------------------------------------------------------------------------------

             |  Estimate         SE      LB CI      UB CI  Switchers    Stayers 
-------------+------------------------------------------------------------------
          AS |  .0011012    .002384  -.0035715    .005774        384       1248 
--------------------------------------------------------------------------------
                           Weighted Average Slope (WAS)
--------------------------------------------------------------------------------

             |  Estimate         SE      LB CI      UB CI  Switchers    Stayers 
-------------+------------------------------------------------------------------
         WAS |  .0056596   .0009041   .0038875   .0074317        384       1248 
 
--------------------------------------------------------------------------------
 
                          Test of difference between AS and WAS
H0: AS = WAS
--------------------------------------------------------------------------------

             |     Diff.         SE      LB CI      UB CI      pval.          t 
-------------+------------------------------------------------------------------
      AS-WAS | -.0045583   .0129186   -.008213  -.0009037      .0145  -2.444633 
--------------------------------------------------------------------------------

. 
. // V.04 — on_placebo_sample reduced form: no cross_fitting
. di "================================================================"
================================================================

. di "--- V.04: on_placebo_sample, reduced-form (no cross_fitting) ---"
--- V.04: on_placebo_sample, reduced-form (no cross_fitting) ---

. di "================================================================"
================================================================

. did_multiplegt_stat lngca id year tau, or(1) controls(lngpinc) estimator(was) on_placebo_sample
                                  ----------------------------------------------
                                   Number of observations     =             1059
                                   Estimation method          =    doubly-robust
                                   Polynomial order           =              (1)
                                  ----------------------------------------------
--------------------------------------------------------------------------------
                           Weighted Average Slope (WAS)
--------------------------------------------------------------------------------

             |  Estimate         SE      LB CI      UB CI  Switchers    Stayers 
-------------+------------------------------------------------------------------
         WAS | -.0029437   .0011655  -.0052281  -.0006593        178        881 
 
--------------------------------------------------------------------------------
--------------------------------------------------------------------------------

. 
. // V.05 — on_placebo_sample first stage: no cross_fitting
. di "================================================================"
================================================================

. di "--- V.05: on_placebo_sample, first-stage (no cross_fitting) ---"
--- V.05: on_placebo_sample, first-stage (no cross_fitting) ---

. di "================================================================"
================================================================

. did_multiplegt_stat lngpinc id year tau, or(1) controls(lngpinc) estimator(was) on_placebo_sample
                                  ----------------------------------------------
                                   Number of observations     =             1059
                                   Estimation method          =    doubly-robust
                                   Polynomial order           =              (1)
                                  ----------------------------------------------
--------------------------------------------------------------------------------
                           Weighted Average Slope (WAS)
--------------------------------------------------------------------------------

             |  Estimate         SE      LB CI      UB CI  Switchers    Stayers 
-------------+------------------------------------------------------------------
         WAS |  .0050411   .0012058   .0026777   .0074044        178        881 
 
--------------------------------------------------------------------------------
--------------------------------------------------------------------------------

. 
. log close
      name:  <unnamed>
       log:  C:\Users\Usuario\Documents\GitHub\py_did_multiplegt_stat\stat_python\verify_no_cf.log
  log type:  text
 closed on:  16 Apr 2026, 09:15:07
-----------------------------------------------------------------------------------------------------------------
